<?xml version="1.0" encoding="UTF-8"?>
<!-- Generated by org.testng.reporters.JUnitReportReporter -->
<testsuite skipped="6" hostname="wanghao-PC" name="xiaoaiai.Call.CallTest" tests="6" failures="0" timestamp="21 六月 2018 09:52:18 GMT" time="0.000" errors="0">
  <testcase name="fansVioceCall" time="0.000" classname="xiaoaiai.Call.CallTest">
    <skipped/>
  </testcase> <!-- fansVioceCall -->
  <testcase name="nofansVioceCall" time="0.000" classname="xiaoaiai.Call.CallTest">
    <skipped/>
  </testcase> <!-- nofansVioceCall -->
  <testcase name="nofansyuetiao" time="0.000" classname="xiaoaiai.Call.CallTest">
    <skipped/>
  </testcase> <!-- nofansyuetiao -->
  <testcase name="nofansVideoCall" time="0.000" classname="xiaoaiai.Call.CallTest">
    <skipped/>
  </testcase> <!-- nofansVideoCall -->
  <testcase name="fansVideoCall" time="0.000" classname="xiaoaiai.Call.CallTest">
    <skipped/>
  </testcase> <!-- fansVideoCall -->
  <testcase name="fansYuetiao" time="0.000" classname="xiaoaiai.Call.CallTest">
    <skipped/>
  </testcase> <!-- fansYuetiao -->
</testsuite> <!-- xiaoaiai.Call.CallTest -->
