<?xml version="1.0" encoding="UTF-8"?>
<!-- Generated by org.testng.reporters.JUnitReportReporter -->
<testsuite skipped="1" hostname="wanghao-PC" name="xiaoaiai.Test.Test" tests="1" failures="0" timestamp="21 六月 2018 09:52:18 GMT" time="0.000" errors="0">
  <testcase name="login" time="0.000" classname="xiaoaiai.Test.Test">
    <skipped/>
  </testcase> <!-- login -->
</testsuite> <!-- xiaoaiai.Test.Test -->
