<?xml version="1.0" encoding="UTF-8"?>
<!-- Generated by org.testng.reporters.JUnitReportReporter -->
<testsuite skipped="4" hostname="wanghao-PC" name="xiaoaiai.Didi.DidiTest" tests="4" failures="0" timestamp="21 六月 2018 09:52:18 GMT" time="0.000" errors="0">
  <testcase name="didiFollow" time="0.000" classname="xiaoaiai.Didi.DidiTest">
    <skipped/>
  </testcase> <!-- didiFollow -->
  <testcase name="didiYuetiao" time="0.000" classname="xiaoaiai.Didi.DidiTest">
    <skipped/>
  </testcase> <!-- didiYuetiao -->
  <testcase name="didiVoice" time="0.000" classname="xiaoaiai.Didi.DidiTest">
    <skipped/>
  </testcase> <!-- didiVoice -->
  <testcase name="didiVideo" time="0.000" classname="xiaoaiai.Didi.DidiTest">
    <skipped/>
  </testcase> <!-- didiVideo -->
</testsuite> <!-- xiaoaiai.Didi.DidiTest -->
