<?xml version="1.0" encoding="UTF-8"?>
<!-- Generated by org.testng.reporters.JUnitReportReporter -->
<testsuite skipped="4" hostname="wanghao-PC" name="xiaoaiai.Login.LoginTest" tests="4" failures="0" timestamp="21 六月 2018 09:52:18 GMT" time="0.000" errors="0">
  <testcase name="weiChatLogin" time="0.000" classname="xiaoaiai.Login.LoginTest">
    <skipped/>
  </testcase> <!-- weiChatLogin -->
  <testcase name="login" time="0.000" classname="xiaoaiai.Login.LoginTest">
    <skipped/>
  </testcase> <!-- login -->
  <testcase name="QQlogin" time="0.000" classname="xiaoaiai.Login.LoginTest">
    <skipped/>
  </testcase> <!-- QQlogin -->
  <testcase name="weiboLogin" time="0.000" classname="xiaoaiai.Login.LoginTest">
    <skipped/>
  </testcase> <!-- weiboLogin -->
</testsuite> <!-- xiaoaiai.Login.LoginTest -->
