<?xml version="1.0" encoding="UTF-8"?>
<!-- Generated by org.testng.reporters.JUnitReportReporter -->
<testsuite skipped="8" hostname="wanghao-PC" name="xiaoaiai.Find.VideoTest" tests="8" failures="0" timestamp="21 六月 2018 09:52:18 GMT" time="0.000" errors="0">
  <testcase name="test_check_deleteAndConnat" time="0.000" classname="xiaoaiai.Find.VideoTest">
    <skipped/>
  </testcase> <!-- test_check_deleteAndConnat -->
  <testcase name="test_upload_video" time="0.000" classname="xiaoaiai.Find.VideoTest">
    <skipped/>
  </testcase> <!-- test_upload_video -->
  <testcase name="test_upload_local_video" time="0.000" classname="xiaoaiai.Find.VideoTest">
    <skipped/>
  </testcase> <!-- test_upload_local_video -->
  <testcase name="test_delete" time="0.000" classname="xiaoaiai.Find.VideoTest">
    <skipped/>
  </testcase> <!-- test_delete -->
  <testcase name="test_record_close" time="0.000" classname="xiaoaiai.Find.VideoTest">
    <skipped/>
  </testcase> <!-- test_record_close -->
  <testcase name="test_noRecord_colse" time="0.000" classname="xiaoaiai.Find.VideoTest">
    <skipped/>
  </testcase> <!-- test_noRecord_colse -->
  <testcase name="test_local_video" time="0.000" classname="xiaoaiai.Find.VideoTest">
    <skipped/>
  </testcase> <!-- test_local_video -->
  <testcase name="test_click_folder" time="0.000" classname="xiaoaiai.Find.VideoTest">
    <skipped/>
  </testcase> <!-- test_click_folder -->
</testsuite> <!-- xiaoaiai.Find.VideoTest -->
