<?xml version="1.0" encoding="UTF-8"?>
<!-- Generated by org.testng.reporters.JUnitReportReporter -->
<testsuite skipped="7" hostname="wanghao-PC" name="xiaoaiai.Find.UploadFeedTest" tests="7" failures="0" timestamp="21 六月 2018 09:52:18 GMT" time="0.000" errors="0">
  <testcase name="test_noTopic_upload" time="0.000" classname="xiaoaiai.Find.UploadFeedTest">
    <skipped/>
  </testcase> <!-- test_noTopic_upload -->
  <testcase name="test_upload_anonymity" time="0.000" classname="xiaoaiai.Find.UploadFeedTest">
    <skipped/>
  </testcase> <!-- test_upload_anonymity -->
  <testcase name="test_upload_txt" time="0.000" classname="xiaoaiai.Find.UploadFeedTest">
    <skipped/>
  </testcase> <!-- test_upload_txt -->
  <testcase name="test_upload_txtAndPic" time="0.000" classname="xiaoaiai.Find.UploadFeedTest">
    <skipped/>
  </testcase> <!-- test_upload_txtAndPic -->
  <testcase name="test_UI_check" time="0.000" classname="xiaoaiai.Find.UploadFeedTest">
    <skipped/>
  </testcase> <!-- test_UI_check -->
  <testcase name="test_cilck_back" time="0.000" classname="xiaoaiai.Find.UploadFeedTest">
    <skipped/>
  </testcase> <!-- test_cilck_back -->
  <testcase name="test_noNews_click_upload" time="0.000" classname="xiaoaiai.Find.UploadFeedTest">
    <skipped/>
  </testcase> <!-- test_noNews_click_upload -->
</testsuite> <!-- xiaoaiai.Find.UploadFeedTest -->
