<?xml version="1.0" encoding="UTF-8"?>
<!-- Generated by org.testng.reporters.JUnitReportReporter -->
<testsuite skipped="4" hostname="wanghao-PC" name="xiaoaiai.Mine.MineTest" tests="4" failures="0" timestamp="21 六月 2018 09:52:18 GMT" time="0.000" errors="0">
  <testcase name="modifyAge" time="0.000" classname="xiaoaiai.Mine.MineTest">
    <skipped/>
  </testcase> <!-- modifyAge -->
  <testcase name="moidfyAddr" time="0.000" classname="xiaoaiai.Mine.MineTest">
    <skipped/>
  </testcase> <!-- moidfyAddr -->
  <testcase name="modifyNickName" time="0.000" classname="xiaoaiai.Mine.MineTest">
    <skipped/>
  </testcase> <!-- modifyNickName -->
  <testcase name="modifyHeadImg" time="0.000" classname="xiaoaiai.Mine.MineTest">
    <skipped/>
  </testcase> <!-- modifyHeadImg -->
</testsuite> <!-- xiaoaiai.Mine.MineTest -->
